# JRE version: Java(TM) SE Runtime Environment (8.0_91-b14) (build 1.8.0_91-b14)
# Java VM: Java HotSpot(TM) 64-Bit Server VM (25.91-b14 mixed mode bsd-amd64 compressed oops)
Heap:
 PSYoungGen      total 142848K, used 11057K [0x0000000795580000, 0x00000007a2180000, 0x00000007c0000000)
  eden space 140800K, 6% used [0x0000000795580000,0x0000000795e7c3e0,0x000000079df00000)
  from space 2048K, 90% used [0x00000007a0500000,0x00000007a06d0060,0x00000007a0700000)
  to   space 15360K, 0% used [0x00000007a1280000,0x00000007a1280000,0x00000007a2180000)
 ParOldGen       total 66560K, used 27167K [0x0000000740000000, 0x0000000744100000, 0x0000000795580000)
  object space 66560K, 40% used [0x0000000740000000,0x0000000741a87e98,0x0000000744100000)
 Metaspace       used 27798K, capacity 28027K, committed 28416K, reserved 1075200K
  class space    used 2206K, capacity 2281K, committed 2304K, reserved 1048576K
GC Heap History (10 events):
Event: 36.360 GC heap before
{Heap before GC invocations=8 (full 1):
 PSYoungGen      total 116224K, used 105672K [0x0000000795580000, 0x000000079de80000, 0x00000007c0000000)
  eden space 100352K, 100% used [0x0000000795580000,0x000000079b780000,0x000000079b780000)
  from space 15872K, 33% used [0x000000079c700000,0x000000079cc320f0,0x000000079d680000)
  to   space 15872K, 0% used [0x000000079b780000,0x000000079b780000,0x000000079c700000)
 ParOldGen       total 66560K, used 23353K [0x0000000740000000, 0x0000000744100000, 0x0000000795580000)
  object space 66560K, 35% used [0x0000000740000000,0x00000007416ce668,0x0000000744100000)
 Metaspace       used 27737K, capacity 27963K, committed 28160K, reserved 1075200K
  class space    used 2198K, capacity 2281K, committed 2304K, reserved 1048576K
Event: 36.387 GC heap after
Heap after GC invocations=8 (full 1):
 PSYoungGen      total 116224K, used 5288K [0x0000000795580000, 0x00000007a0e80000, 0x00000007c0000000)
  eden space 100352K, 0% used [0x0000000795580000,0x0000000795580000,0x000000079b780000)
  from space 15872K, 33% used [0x000000079b780000,0x000000079bcaa0f0,0x000000079c700000)
  to   space 15360K, 0% used [0x000000079ff80000,0x000000079ff80000,0x00000007a0e80000)
 ParOldGen       total 66560K, used 23353K [0x0000000740000000, 0x0000000744100000, 0x0000000795580000)
  object space 66560K, 35% used [0x0000000740000000,0x00000007416ce668,0x0000000744100000)
 Metaspace       used 27737K, capacity 27963K, committed 28160K, reserved 1075200K
  class space    used 2198K, capacity 2281K, committed 2304K, reserved 1048576K
}
Event: 54.284 GC heap before
{Heap before GC invocations=9 (full 1):
 PSYoungGen      total 116224K, used 105640K [0x0000000795580000, 0x00000007a0e80000, 0x00000007c0000000)
  eden space 100352K, 100% used [0x0000000795580000,0x000000079b780000,0x000000079b780000)
  from space 15872K, 33% used [0x000000079b780000,0x000000079bcaa0f0,0x000000079c700000)
  to   space 15360K, 0% used [0x000000079ff80000,0x000000079ff80000,0x00000007a0e80000)
 ParOldGen       total 66560K, used 23353K [0x0000000740000000, 0x0000000744100000, 0x0000000795580000)
  object space 66560K, 35% used [0x0000000740000000,0x00000007416ce668,0x0000000744100000)
 Metaspace       used 27737K, capacity 27963K, committed 28160K, reserved 1075200K
  class space    used 2198K, capacity 2281K, committed 2304K, reserved 1048576K
Event: 54.288 GC heap after
Heap after GC invocations=9 (full 1):
 PSYoungGen      total 160768K, used 4064K [0x0000000795580000, 0x00000007a0800000, 0x00000007c0000000)
  eden space 152064K, 0% used [0x0000000795580000,0x0000000795580000,0x000000079ea00000)
  from space 8704K, 46% used [0x000000079ff80000,0x00000007a0378090,0x00000007a0800000)
  to   space 15360K, 0% used [0x000000079ea00000,0x000000079ea00000,0x000000079f900000)
 ParOldGen       total 66560K, used 24605K [0x0000000740000000, 0x0000000744100000, 0x0000000795580000)
  object space 66560K, 36% used [0x0000000740000000,0x00000007418075c8,0x0000000744100000)
 Metaspace       used 27737K, capacity 27963K, committed 28160K, reserved 1075200K
  class space    used 2198K, capacity 2281K, committed 2304K, reserved 1048576K
}
Event: 81.599 GC heap before
{Heap before GC invocations=10 (full 1):
 PSYoungGen      total 160768K, used 156128K [0x0000000795580000, 0x00000007a0800000, 0x00000007c0000000)
  eden space 152064K, 100% used [0x0000000795580000,0x000000079ea00000,0x000000079ea00000)
  from space 8704K, 46% used [0x000000079ff80000,0x00000007a0378090,0x00000007a0800000)
  to   space 15360K, 0% used [0x000000079ea00000,0x000000079ea00000,0x000000079f900000)
 ParOldGen       total 66560K, used 24605K [0x0000000740000000, 0x0000000744100000, 0x0000000795580000)
  object space 66560K, 36% used [0x0000000740000000,0x00000007418075c8,0x0000000744100000)
 Metaspace       used 27737K, capacity 27963K, committed 28160K, reserved 1075200K
  class space    used 2198K, capacity 2281K, committed 2304K, reserved 1048576K
Event: 81.610 GC heap after
Heap after GC invocations=10 (full 1):
 PSYoungGen      total 167424K, used 1824K [0x0000000795580000, 0x00000007a3000000, 0x00000007c0000000)
  eden space 152064K, 0% used [0x0000000795580000,0x0000000795580000,0x000000079ea00000)
  from space 15360K, 11% used [0x000000079ea00000,0x000000079ebc8060,0x000000079f900000)
  to   space 15360K, 0% used [0x00000007a2100000,0x00000007a2100000,0x00000007a3000000)
 ParOldGen       total 66560K, used 27159K [0x0000000740000000, 0x0000000744100000, 0x0000000795580000)
  object space 66560K, 40% used [0x0000000740000000,0x0000000741a85e98,0x0000000744100000)
 Metaspace       used 27737K, capacity 27963K, committed 28160K, reserved 1075200K
  class space    used 2198K, capacity 2281K, committed 2304K, reserved 1048576K
}
Event: 108.142 GC heap before
{Heap before GC invocations=11 (full 1):
 PSYoungGen      total 167424K, used 153888K [0x0000000795580000, 0x00000007a3000000, 0x00000007c0000000)
  eden space 152064K, 100% used [0x0000000795580000,0x000000079ea00000,0x000000079ea00000)
  from space 15360K, 11% used [0x000000079ea00000,0x000000079ebc8060,0x000000079f900000)
  to   space 15360K, 0% used [0x00000007a2100000,0x00000007a2100000,0x00000007a3000000)
 ParOldGen       total 66560K, used 27159K [0x0000000740000000, 0x0000000744100000, 0x0000000795580000)
  object space 66560K, 40% used [0x0000000740000000,0x0000000741a85e98,0x0000000744100000)
 Metaspace       used 27738K, capacity 27963K, committed 28160K, reserved 1075200K
  class space    used 2199K, capacity 2281K, committed 2304K, reserved 1048576K
Event: 108.144 GC heap after
Heap after GC invocations=11 (full 1):
 PSYoungGen      total 148480K, used 1856K [0x0000000795580000, 0x00000007a2300000, 0x00000007c0000000)
  eden space 146432K, 0% used [0x0000000795580000,0x0000000795580000,0x000000079e480000)
  from space 2048K, 90% used [0x00000007a2100000,0x00000007a22d0060,0x00000007a2300000)
  to   space 15360K, 0% used [0x00000007a0500000,0x00000007a0500000,0x00000007a1400000)
 ParOldGen       total 66560K, used 27167K [0x0000000740000000, 0x0000000744100000, 0x0000000795580000)
  object space 66560K, 40% used [0x0000000740000000,0x0000000741a87e98,0x0000000744100000)
 Metaspace       used 27738K, capacity 27963K, committed 28160K, reserved 1075200K
  class space    used 2199K, capacity 2281K, committed 2304K, reserved 1048576K
}
Event: 134.282 GC heap before
{Heap before GC invocations=12 (full 1):
 PSYoungGen      total 148480K, used 148288K [0x0000000795580000, 0x00000007a2300000, 0x00000007c0000000)
  eden space 146432K, 100% used [0x0000000795580000,0x000000079e480000,0x000000079e480000)
  from space 2048K, 90% used [0x00000007a2100000,0x00000007a22d0060,0x00000007a2300000)
  to   space 15360K, 0% used [0x00000007a0500000,0x00000007a0500000,0x00000007a1400000)
 ParOldGen       total 66560K, used 27167K [0x0000000740000000, 0x0000000744100000, 0x0000000795580000)
  object space 66560K, 40% used [0x0000000740000000,0x0000000741a87e98,0x0000000744100000)
 Metaspace       used 27744K, capacity 27963K, committed 28160K, reserved 1075200K
  class space    used 2199K, capacity 2281K, committed 2304K, reserved 1048576K
Event: 134.284 GC heap after
Heap after GC invocations=12 (full 1):
 PSYoungGen      total 142848K, used 1856K [0x0000000795580000, 0x00000007a2180000, 0x00000007c0000000)
  eden space 140800K, 0% used [0x0000000795580000,0x0000000795580000,0x000000079df00000)
  from space 2048K, 90% used [0x00000007a0500000,0x00000007a06d0060,0x00000007a0700000)
  to   space 15360K, 0% used [0x00000007a1280000,0x00000007a1280000,0x00000007a2180000)
 ParOldGen       total 66560K, used 27167K [0x0000000740000000, 0x0000000744100000, 0x0000000795580000)
  object space 66560K, 40% used [0x0000000740000000,0x0000000741a87e98,0x0000000744100000)
 Metaspace       used 27744K, capacity 27963K, committed 28160K, reserved 1075200K
  class space    used 2199K, capacity 2281K, committed 2304K, reserved 1048576K
}

