# JRE version: Java(TM) SE Runtime Environment (8.0_91-b14) (build 1.8.0_91-b14)
# Java VM: Java HotSpot(TM) 64-Bit Server VM (25.91-b14 mixed mode bsd-amd64 compressed oops)
Heap:
 PSYoungGen      total 102912K, used 87426K [0x0000000795580000, 0x000000079da80000, 0x00000007c0000000)
  eden space 99328K, 84% used [0x0000000795580000,0x000000079a7987a0,0x000000079b680000)
  from space 3584K, 93% used [0x000000079d700000,0x000000079da480c0,0x000000079da80000)
  to   space 11264K, 0% used [0x000000079c480000,0x000000079c480000,0x000000079cf80000)
 ParOldGen       total 73728K, used 25231K [0x0000000740000000, 0x0000000744800000, 0x0000000795580000)
  object space 73728K, 34% used [0x0000000740000000,0x00000007418a3fa8,0x0000000744800000)
 Metaspace       used 27332K, capacity 27591K, committed 27904K, reserved 1075200K
  class space    used 2146K, capacity 2242K, committed 2304K, reserved 1048576K
GC Heap History (10 events):
Event: 168.459 GC heap before
{Heap before GC invocations=17 (full 1):
 PSYoungGen      total 124928K, used 124927K [0x0000000795580000, 0x000000079ee80000, 0x00000007c0000000)
  eden space 117248K, 100% used [0x0000000795580000,0x000000079c800000,0x000000079c800000)
  from space 7680K, 99% used [0x000000079df80000,0x000000079e6ffe58,0x000000079e700000)
  to   space 7680K, 0% used [0x000000079e700000,0x000000079e700000,0x000000079ee80000)
 ParOldGen       total 73728K, used 20920K [0x0000000740000000, 0x0000000744800000, 0x0000000795580000)
  object space 73728K, 28% used [0x0000000740000000,0x000000074146e108,0x0000000744800000)
 Metaspace       used 27295K, capacity 27527K, committed 27904K, reserved 1075200K
  class space    used 2139K, capacity 2242K, committed 2304K, reserved 1048576K
Event: 168.462 GC heap after
Heap after GC invocations=17 (full 1):
 PSYoungGen      total 120832K, used 7631K [0x0000000795580000, 0x000000079ee80000, 0x00000007c0000000)
  eden space 113152K, 0% used [0x0000000795580000,0x0000000795580000,0x000000079c400000)
  from space 7680K, 99% used [0x000000079e700000,0x000000079ee73e68,0x000000079ee80000)
  to   space 10752K, 0% used [0x000000079d980000,0x000000079d980000,0x000000079e400000)
 ParOldGen       total 73728K, used 20920K [0x0000000740000000, 0x0000000744800000, 0x0000000795580000)
  object space 73728K, 28% used [0x0000000740000000,0x000000074146e108,0x0000000744800000)
 Metaspace       used 27295K, capacity 27527K, committed 27904K, reserved 1075200K
  class space    used 2139K, capacity 2242K, committed 2304K, reserved 1048576K
}
Event: 183.417 GC heap before
{Heap before GC invocations=18 (full 1):
 PSYoungGen      total 120832K, used 120783K [0x0000000795580000, 0x000000079ee80000, 0x00000007c0000000)
  eden space 113152K, 100% used [0x0000000795580000,0x000000079c400000,0x000000079c400000)
  from space 7680K, 99% used [0x000000079e700000,0x000000079ee73e68,0x000000079ee80000)
  to   space 10752K, 0% used [0x000000079d980000,0x000000079d980000,0x000000079e400000)
 ParOldGen       total 73728K, used 20920K [0x0000000740000000, 0x0000000744800000, 0x0000000795580000)
  object space 73728K, 28% used [0x0000000740000000,0x000000074146e108,0x0000000744800000)
 Metaspace       used 27295K, capacity 27527K, committed 27904K, reserved 1075200K
  class space    used 2139K, capacity 2242K, committed 2304K, reserved 1048576K
Event: 183.421 GC heap after
Heap after GC invocations=18 (full 1):
 PSYoungGen      total 117248K, used 7679K [0x0000000795580000, 0x000000079e780000, 0x00000007c0000000)
  eden space 109568K, 0% used [0x0000000795580000,0x0000000795580000,0x000000079c080000)
  from space 7680K, 99% used [0x000000079d980000,0x000000079e0ffe78,0x000000079e100000)
  to   space 6656K, 0% used [0x000000079e100000,0x000000079e100000,0x000000079e780000)
 ParOldGen       total 73728K, used 20920K [0x0000000740000000, 0x0000000744800000, 0x0000000795580000)
  object space 73728K, 28% used [0x0000000740000000,0x000000074146e108,0x0000000744800000)
 Metaspace       used 27295K, capacity 27527K, committed 27904K, reserved 1075200K
  class space    used 2139K, capacity 2242K, committed 2304K, reserved 1048576K
}
Event: 197.892 GC heap before
{Heap before GC invocations=19 (full 1):
 PSYoungGen      total 117248K, used 117247K [0x0000000795580000, 0x000000079e780000, 0x00000007c0000000)
  eden space 109568K, 100% used [0x0000000795580000,0x000000079c080000,0x000000079c080000)
  from space 7680K, 99% used [0x000000079d980000,0x000000079e0ffe78,0x000000079e100000)
  to   space 6656K, 0% used [0x000000079e100000,0x000000079e100000,0x000000079e780000)
 ParOldGen       total 73728K, used 20920K [0x0000000740000000, 0x0000000744800000, 0x0000000795580000)
  object space 73728K, 28% used [0x0000000740000000,0x000000074146e108,0x0000000744800000)
 Metaspace       used 27295K, capacity 27527K, committed 27904K, reserved 1075200K
  class space    used 2139K, capacity 2242K, committed 2304K, reserved 1048576K
Event: 197.895 GC heap after
Heap after GC invocations=19 (full 1):
 PSYoungGen      total 112640K, used 6624K [0x0000000795580000, 0x000000079e780000, 0x00000007c0000000)
  eden space 105984K, 0% used [0x0000000795580000,0x0000000795580000,0x000000079bd00000)
  from space 6656K, 99% used [0x000000079e100000,0x000000079e778130,0x000000079e780000)
  to   space 10240K, 0% used [0x000000079d380000,0x000000079d380000,0x000000079dd80000)
 ParOldGen       total 73728K, used 21833K [0x0000000740000000, 0x0000000744800000, 0x0000000795580000)
  object space 73728K, 29% used [0x0000000740000000,0x0000000741552670,0x0000000744800000)
 Metaspace       used 27295K, capacity 27527K, committed 27904K, reserved 1075200K
  class space    used 2139K, capacity 2242K, committed 2304K, reserved 1048576K
}
Event: 211.831 GC heap before
{Heap before GC invocations=20 (full 1):
 PSYoungGen      total 112640K, used 112608K [0x0000000795580000, 0x000000079e780000, 0x00000007c0000000)
  eden space 105984K, 100% used [0x0000000795580000,0x000000079bd00000,0x000000079bd00000)
  from space 6656K, 99% used [0x000000079e100000,0x000000079e778130,0x000000079e780000)
  to   space 10240K, 0% used [0x000000079d380000,0x000000079d380000,0x000000079dd80000)
 ParOldGen       total 73728K, used 21833K [0x0000000740000000, 0x0000000744800000, 0x0000000795580000)
  object space 73728K, 29% used [0x0000000740000000,0x0000000741552670,0x0000000744800000)
 Metaspace       used 27295K, capacity 27527K, committed 27904K, reserved 1075200K
  class space    used 2139K, capacity 2242K, committed 2304K, reserved 1048576K
Event: 211.838 GC heap after
Heap after GC invocations=20 (full 1):
 PSYoungGen      total 105984K, used 3392K [0x0000000795580000, 0x000000079e180000, 0x00000007c0000000)
  eden space 102400K, 0% used [0x0000000795580000,0x0000000795580000,0x000000079b980000)
  from space 3584K, 94% used [0x000000079d380000,0x000000079d6d00c0,0x000000079d700000)
  to   space 10752K, 0% used [0x000000079d700000,0x000000079d700000,0x000000079e180000)
 ParOldGen       total 73728K, used 25231K [0x0000000740000000, 0x0000000744800000, 0x0000000795580000)
  object space 73728K, 34% used [0x0000000740000000,0x00000007418a3fa8,0x0000000744800000)
 Metaspace       used 27295K, capacity 27527K, committed 27904K, reserved 1075200K
  class space    used 2139K, capacity 2242K, committed 2304K, reserved 1048576K
}
Event: 225.455 GC heap before
{Heap before GC invocations=21 (full 1):
 PSYoungGen      total 105984K, used 105792K [0x0000000795580000, 0x000000079e180000, 0x00000007c0000000)
  eden space 102400K, 100% used [0x0000000795580000,0x000000079b980000,0x000000079b980000)
  from space 3584K, 94% used [0x000000079d380000,0x000000079d6d00c0,0x000000079d700000)
  to   space 10752K, 0% used [0x000000079d700000,0x000000079d700000,0x000000079e180000)
 ParOldGen       total 73728K, used 25231K [0x0000000740000000, 0x0000000744800000, 0x0000000795580000)
  object space 73728K, 34% used [0x0000000740000000,0x00000007418a3fa8,0x0000000744800000)
 Metaspace       used 27295K, capacity 27527K, committed 27904K, reserved 1075200K
  class space    used 2139K, capacity 2242K, committed 2304K, reserved 1048576K
Event: 225.461 GC heap after
Heap after GC invocations=21 (full 1):
 PSYoungGen      total 102912K, used 3360K [0x0000000795580000, 0x000000079da80000, 0x00000007c0000000)
  eden space 99328K, 0% used [0x0000000795580000,0x0000000795580000,0x000000079b680000)
  from space 3584K, 93% used [0x000000079d700000,0x000000079da480c0,0x000000079da80000)
  to   space 11264K, 0% used [0x000000079c480000,0x000000079c480000,0x000000079cf80000)
 ParOldGen       total 73728K, used 25231K [0x0000000740000000, 0x0000000744800000, 0x0000000795580000)
  object space 73728K, 34% used [0x0000000740000000,0x00000007418a3fa8,0x0000000744800000)
 Metaspace       used 27295K, capacity 27527K, committed 27904K, reserved 1075200K
  class space    used 2139K, capacity 2242K, committed 2304K, reserved 1048576K
}

