# JRE version: Java(TM) SE Runtime Environment (8.0_91-b14) (build 1.8.0_91-b14)
# Java VM: Java HotSpot(TM) 64-Bit Server VM (25.91-b14 mixed mode bsd-amd64 compressed oops)
Heap:
 PSYoungGen      total 156672K, used 138902K [0x0000000795580000, 0x00000007a1980000, 0x00000007c0000000)
  eden space 147968K, 88% used [0x0000000795580000,0x000000079d4afb00,0x000000079e600000)
  from space 8704K, 99% used [0x00000007a1100000,0x00000007a1975d48,0x00000007a1980000)
  to   space 13312K, 0% used [0x000000079ff80000,0x000000079ff80000,0x00000007a0c80000)
 ParOldGen       total 73216K, used 20740K [0x0000000740000000, 0x0000000744780000, 0x0000000795580000)
  object space 73216K, 28% used [0x0000000740000000,0x0000000741441028,0x0000000744780000)
 Metaspace       used 27918K, capacity 28153K, committed 28416K, reserved 1075200K
  class space    used 2197K, capacity 2279K, committed 2304K, reserved 1048576K
GC Heap History (10 events):
Event: 28.373 GC heap before
{Heap before GC invocations=9 (full 1):
 PSYoungGen      total 104960K, used 97751K [0x0000000795580000, 0x000000079f500000, 0x00000007c0000000)
  eden space 89088K, 100% used [0x0000000795580000,0x000000079ac80000,0x000000079ac80000)
  from space 15872K, 54% used [0x000000079ac80000,0x000000079b4f5d48,0x000000079bc00000)
  to   space 14848K, 0% used [0x000000079e680000,0x000000079e680000,0x000000079f500000)
 ParOldGen       total 73216K, used 20716K [0x0000000740000000, 0x0000000744780000, 0x0000000795580000)
  object space 73216K, 28% used [0x0000000740000000,0x000000074143b028,0x0000000744780000)
 Metaspace       used 27886K, capacity 28153K, committed 28416K, reserved 1075200K
  class space    used 2191K, capacity 2279K, committed 2304K, reserved 1048576K
Event: 28.378 GC heap after
Heap after GC invocations=9 (full 1):
 PSYoungGen      total 136192K, used 8663K [0x0000000795580000, 0x000000079ef00000, 0x00000007c0000000)
  eden space 127488K, 0% used [0x0000000795580000,0x0000000795580000,0x000000079d200000)
  from space 8704K, 99% used [0x000000079e680000,0x000000079eef5d48,0x000000079ef00000)
  to   space 14336K, 0% used [0x000000079d300000,0x000000079d300000,0x000000079e100000)
 ParOldGen       total 73216K, used 20724K [0x0000000740000000, 0x0000000744780000, 0x0000000795580000)
  object space 73216K, 28% used [0x0000000740000000,0x000000074143d028,0x0000000744780000)
 Metaspace       used 27886K, capacity 28153K, committed 28416K, reserved 1075200K
  class space    used 2191K, capacity 2279K, committed 2304K, reserved 1048576K
}
Event: 40.146 GC heap before
{Heap before GC invocations=10 (full 1):
 PSYoungGen      total 136192K, used 136151K [0x0000000795580000, 0x000000079ef00000, 0x00000007c0000000)
  eden space 127488K, 100% used [0x0000000795580000,0x000000079d200000,0x000000079d200000)
  from space 8704K, 99% used [0x000000079e680000,0x000000079eef5d48,0x000000079ef00000)
  to   space 14336K, 0% used [0x000000079d300000,0x000000079d300000,0x000000079e100000)
 ParOldGen       total 73216K, used 20724K [0x0000000740000000, 0x0000000744780000, 0x0000000795580000)
  object space 73216K, 28% used [0x0000000740000000,0x000000074143d028,0x0000000744780000)
 Metaspace       used 27886K, capacity 28153K, committed 28416K, reserved 1075200K
  class space    used 2191K, capacity 2279K, committed 2304K, reserved 1048576K
Event: 40.154 GC heap after
Heap after GC invocations=10 (full 1):
 PSYoungGen      total 142848K, used 8663K [0x0000000795580000, 0x00000007a0980000, 0x00000007c0000000)
  eden space 128512K, 0% used [0x0000000795580000,0x0000000795580000,0x000000079d300000)
  from space 14336K, 60% used [0x000000079d300000,0x000000079db75d48,0x000000079e100000)
  to   space 14336K, 0% used [0x000000079fb80000,0x000000079fb80000,0x00000007a0980000)
 ParOldGen       total 73216K, used 20732K [0x0000000740000000, 0x0000000744780000, 0x0000000795580000)
  object space 73216K, 28% used [0x0000000740000000,0x000000074143f028,0x0000000744780000)
 Metaspace       used 27886K, capacity 28153K, committed 28416K, reserved 1075200K
  class space    used 2191K, capacity 2279K, committed 2304K, reserved 1048576K
}
Event: 52.701 GC heap before
{Heap before GC invocations=11 (full 1):
 PSYoungGen      total 142848K, used 137175K [0x0000000795580000, 0x00000007a0980000, 0x00000007c0000000)
  eden space 128512K, 100% used [0x0000000795580000,0x000000079d300000,0x000000079d300000)
  from space 14336K, 60% used [0x000000079d300000,0x000000079db75d48,0x000000079e100000)
  to   space 14336K, 0% used [0x000000079fb80000,0x000000079fb80000,0x00000007a0980000)
 ParOldGen       total 73216K, used 20732K [0x0000000740000000, 0x0000000744780000, 0x0000000795580000)
  object space 73216K, 28% used [0x0000000740000000,0x000000074143f028,0x0000000744780000)
 Metaspace       used 27886K, capacity 28153K, committed 28416K, reserved 1075200K
  class space    used 2191K, capacity 2279K, committed 2304K, reserved 1048576K
Event: 52.726 GC heap after
Heap after GC invocations=11 (full 1):
 PSYoungGen      total 164864K, used 8679K [0x0000000795580000, 0x00000007a0680000, 0x00000007c0000000)
  eden space 153600K, 0% used [0x0000000795580000,0x0000000795580000,0x000000079eb80000)
  from space 11264K, 77% used [0x000000079fb80000,0x00000007a03f9d58,0x00000007a0680000)
  to   space 13824K, 0% used [0x000000079eb80000,0x000000079eb80000,0x000000079f900000)
 ParOldGen       total 73216K, used 20732K [0x0000000740000000, 0x0000000744780000, 0x0000000795580000)
  object space 73216K, 28% used [0x0000000740000000,0x000000074143f028,0x0000000744780000)
 Metaspace       used 27886K, capacity 28153K, committed 28416K, reserved 1075200K
  class space    used 2191K, capacity 2279K, committed 2304K, reserved 1048576K
}
Event: 67.928 GC heap before
{Heap before GC invocations=12 (full 1):
 PSYoungGen      total 164864K, used 162279K [0x0000000795580000, 0x00000007a0680000, 0x00000007c0000000)
  eden space 153600K, 100% used [0x0000000795580000,0x000000079eb80000,0x000000079eb80000)
  from space 11264K, 77% used [0x000000079fb80000,0x00000007a03f9d58,0x00000007a0680000)
  to   space 13824K, 0% used [0x000000079eb80000,0x000000079eb80000,0x000000079f900000)
 ParOldGen       total 73216K, used 20732K [0x0000000740000000, 0x0000000744780000, 0x0000000795580000)
  object space 73216K, 28% used [0x0000000740000000,0x000000074143f028,0x0000000744780000)
 Metaspace       used 27886K, capacity 28153K, committed 28416K, reserved 1075200K
  class space    used 2191K, capacity 2279K, committed 2304K, reserved 1048576K
Event: 67.938 GC heap after
Heap after GC invocations=12 (full 1):
 PSYoungGen      total 167424K, used 8679K [0x0000000795580000, 0x00000007a1e00000, 0x00000007c0000000)
  eden space 153600K, 0% used [0x0000000795580000,0x0000000795580000,0x000000079eb80000)
  from space 13824K, 62% used [0x000000079eb80000,0x000000079f3f9d58,0x000000079f900000)
  to   space 13312K, 0% used [0x00000007a1100000,0x00000007a1100000,0x00000007a1e00000)
 ParOldGen       total 73216K, used 20732K [0x0000000740000000, 0x0000000744780000, 0x0000000795580000)
  object space 73216K, 28% used [0x0000000740000000,0x000000074143f028,0x0000000744780000)
 Metaspace       used 27886K, capacity 28153K, committed 28416K, reserved 1075200K
  class space    used 2191K, capacity 2279K, committed 2304K, reserved 1048576K
}
Event: 82.383 GC heap before
{Heap before GC invocations=13 (full 1):
 PSYoungGen      total 167424K, used 162279K [0x0000000795580000, 0x00000007a1e00000, 0x00000007c0000000)
  eden space 153600K, 100% used [0x0000000795580000,0x000000079eb80000,0x000000079eb80000)
  from space 13824K, 62% used [0x000000079eb80000,0x000000079f3f9d58,0x000000079f900000)
  to   space 13312K, 0% used [0x00000007a1100000,0x00000007a1100000,0x00000007a1e00000)
 ParOldGen       total 73216K, used 20732K [0x0000000740000000, 0x0000000744780000, 0x0000000795580000)
  object space 73216K, 28% used [0x0000000740000000,0x000000074143f028,0x0000000744780000)
 Metaspace       used 27886K, capacity 28153K, committed 28416K, reserved 1075200K
  class space    used 2191K, capacity 2279K, committed 2304K, reserved 1048576K
Event: 82.403 GC heap after
Heap after GC invocations=13 (full 1):
 PSYoungGen      total 156672K, used 8663K [0x0000000795580000, 0x00000007a1980000, 0x00000007c0000000)
  eden space 147968K, 0% used [0x0000000795580000,0x0000000795580000,0x000000079e600000)
  from space 8704K, 99% used [0x00000007a1100000,0x00000007a1975d48,0x00000007a1980000)
  to   space 13312K, 0% used [0x000000079ff80000,0x000000079ff80000,0x00000007a0c80000)
 ParOldGen       total 73216K, used 20740K [0x0000000740000000, 0x0000000744780000, 0x0000000795580000)
  object space 73216K, 28% used [0x0000000740000000,0x0000000741441028,0x0000000744780000)
 Metaspace       used 27886K, capacity 28153K, committed 28416K, reserved 1075200K
  class space    used 2191K, capacity 2279K, committed 2304K, reserved 1048576K
}

